Microsoft (R) Visual C# Compiler version 4.6.1586.0
for C# 5
Copyright (C) Microsoft Corporation. All rights reserved.

This compiler is provided as part of the Microsoft (R) .NET Framework, but only supports language versions up to C# 5, which is no longer the latest version. For compilers that support newer versions of the C# programming language, see http://go.microsoft.com/fwlink/?LinkID=533240

src\GameController.cs(6,7): error CS0246: The type or namespace name 'NUnit' could not be found (are you missing a using directive or an assembly reference?)
src\HighScoreController.cs(2,7): error CS0246: The type or namespace name 'NUnit' could not be found (are you missing a using directive or an assembly reference?)
src\Model\AIPlayer.cs(8,7): error CS0246: The type or namespace name 'NUnit' could not be found (are you missing a using directive or an assembly reference?)
src\Model\AIPlayer.cs(9,7): error CS0246: The type or namespace name 'NUnit' could not be found (are you missing a using directive or an assembly reference?)
src\Model\Ship.cs(9,7): error CS0246: The type or namespace name 'NUnit' could not be found (are you missing a using directive or an assembly reference?)
src\Model\Ship.cs(10,7): error CS0246: The type or namespace name 'NUnit' could not be found (are you missing a using directive or an assembly reference?)
src\Model\AIPlayer.cs(26,19): warning CS0660: 'BattleShips.AIPlayer.Location' defines operator == or operator != but does not override Object.Equals(object o)
src\Model\AIPlayer.cs(26,19): warning CS0661: 'BattleShips.AIPlayer.Location' defines operator == or operator != but does not override Object.GetHashCode()
src\GameController.cs(106,10): error CS0246: The type or namespace name 'Test' could not be found (are you missing a using directive or an assembly reference?)
src\GameController.cs(106,10): error CS0246: The type or namespace name 'TestAttribute' could not be found (are you missing a using directive or an assembly reference?)
src\GameController.cs(291,10): error CS0246: The type or namespace name 'Test' could not be found (are you missing a using directive or an assembly reference?)
src\GameController.cs(291,10): error CS0246: The type or namespace name 'TestAttribute' could not be found (are you missing a using directive or an assembly reference?)
src\GameController.cs(17,3): error CS0246: The type or namespace name 'TestFixture' could not be found (are you missing a using directive or an assembly reference?)
src\GameController.cs(17,3): error CS0246: The type or namespace name 'TestFixtureAttribute' could not be found (are you missing a using directive or an assembly reference?)
src\HighScoreController.cs(55,10): error CS0246: The type or namespace name 'Test' could not be found (are you missing a using directive or an assembly reference?)
src\HighScoreController.cs(55,10): error CS0246: The type or namespace name 'TestAttribute' could not be found (are you missing a using directive or an assembly reference?)
src\HighScoreController.cs(67,10): error CS0246: The type or namespace name 'Test' could not be found (are you missing a using directive or an assembly reference?)
src\HighScoreController.cs(67,10): error CS0246: The type or namespace name 'TestAttribute' could not be found (are you missing a using directive or an assembly reference?)
src\HighScoreController.cs(172,10): error CS0246: The type or namespace name 'Test' could not be found (are you missing a using directive or an assembly reference?)
src\HighScoreController.cs(172,10): error CS0246: The type or namespace name 'TestAttribute' could not be found (are you missing a using directive or an assembly reference?)
src\HighScoreController.cs(12,6): error CS0246: The type or namespace name 'TestFixture' could not be found (are you missing a using directive or an assembly reference?)
src\HighScoreController.cs(12,6): error CS0246: The type or namespace name 'TestFixtureAttribute' could not be found (are you missing a using directive or an assembly reference?)
src\Model\AIPlayer.cs(120,4): error CS0246: The type or namespace name 'Test' could not be found (are you missing a using directive or an assembly reference?)
src\Model\AIPlayer.cs(120,4): error CS0246: The type or namespace name 'TestAttribute' could not be found (are you missing a using directive or an assembly reference?)
src\Model\AIPlayer.cs(18,3): error CS0246: The type or namespace name 'TestFixture' could not be found (are you missing a using directive or an assembly reference?)
src\Model\AIPlayer.cs(18,3): error CS0246: The type or namespace name 'TestFixtureAttribute' could not be found (are you missing a using directive or an assembly reference?)
src\Model\Ship.cs(122,4): error CS0246: The type or namespace name 'Test' could not be found (are you missing a using directive or an assembly reference?)
src\Model\Ship.cs(122,4): error CS0246: The type or namespace name 'TestAttribute' could not be found (are you missing a using directive or an assembly reference?)
src\Model\Ship.cs(22,3): error CS0246: The type or namespace name 'TestFixture' could not be found (are you missing a using directive or an assembly reference?)
src\Model\Ship.cs(22,3): error CS0246: The type or namespace name 'TestFixtureAttribute' could not be found (are you missing a using directive or an assembly reference?)
